\BOOKMARK [0][-]{chapter.1}{\376\377\0001\000\040\000p\000y\000S\000i\000P\000M}{}% 1
\BOOKMARK [0][-]{chapter.2}{\376\377\0002\000\040\000M\000o\000d\000u\000l\000e\000s\000\040\000I\000n\000d\000e\000x}{}% 2
\BOOKMARK [1][-]{section.2.1}{\376\377\0002\000.\0001\000\040\000P\000a\000c\000k\000a\000g\000e\000s}{chapter.2}% 3
\BOOKMARK [0][-]{chapter.3}{\376\377\0003\000\040\000M\000o\000d\000u\000l\000e\000\040\000D\000o\000c\000u\000m\000e\000n\000t\000a\000t\000i\000o\000n}{}% 4
\BOOKMARK [1][-]{section.3.1}{\376\377\0003\000.\0001\000\040\000f\000r\000a\000n\000d\000o\000m\000\040\000M\000o\000d\000u\000l\000e\000\040\000R\000e\000f\000e\000r\000e\000n\000c\000e}{chapter.3}% 5
\BOOKMARK [2][-]{subsection.3.1.1}{\376\377\0003\000.\0001\000.\0001\000\040\000D\000e\000t\000a\000i\000l\000e\000d\000\040\000D\000e\000s\000c\000r\000i\000p\000t\000i\000o\000n}{section.3.1}% 6
\BOOKMARK [2][-]{subsection.3.1.2}{\376\377\0003\000.\0001\000.\0002\000\040\000F\000u\000n\000c\000t\000i\000o\000n\000/\000S\000u\000b\000r\000o\000u\000t\000i\000n\000e\000\040\000D\000o\000c\000u\000m\000e\000n\000t\000a\000t\000i\000o\000n}{section.3.1}% 7
\BOOKMARK [3][-]{subsubsection.3.1.2.1}{\376\377\0003\000.\0001\000.\0002\000.\0001\000\040\000e\000x\000p\000o\000n\000e\000n\000t\000i\000a\000l\000\050\000\051}{subsection.3.1.2}% 8
\BOOKMARK [3][-]{subsubsection.3.1.2.2}{\376\377\0003\000.\0001\000.\0002\000.\0002\000\040\000i\000n\000t\000e\000g\000e\000r\000\050\000\051}{subsection.3.1.2}% 9
\BOOKMARK [3][-]{subsubsection.3.1.2.3}{\376\377\0003\000.\0001\000.\0002\000.\0003\000\040\000n\000o\000r\000m\000a\000l\000\050\000\051}{subsection.3.1.2}% 10
\BOOKMARK [3][-]{subsubsection.3.1.2.4}{\376\377\0003\000.\0001\000.\0002\000.\0004\000\040\000p\000o\000i\000s\000s\000o\000n\000\050\000\051}{subsection.3.1.2}% 11
\BOOKMARK [1][-]{section.3.2}{\376\377\0003\000.\0002\000\040\000l\000i\000b\000\040\000N\000a\000m\000e\000s\000p\000a\000c\000e\000\040\000R\000e\000f\000e\000r\000e\000n\000c\000e}{chapter.3}% 12
\BOOKMARK [2][-]{subsection.3.2.1}{\376\377\0003\000.\0002\000.\0001\000\040\000D\000e\000t\000a\000i\000l\000e\000d\000\040\000D\000e\000s\000c\000r\000i\000p\000t\000i\000o\000n}{section.3.2}% 13
\BOOKMARK [2][-]{subsection.3.2.2}{\376\377\0003\000.\0002\000.\0002\000\040\000F\000u\000n\000c\000t\000i\000o\000n\000\040\000D\000o\000c\000u\000m\000e\000n\000t\000a\000t\000i\000o\000n}{section.3.2}% 14
\BOOKMARK [3][-]{subsubsection.3.2.2.1}{\376\377\0003\000.\0002\000.\0002\000.\0001\000\040\000a\000d\000d\000A\000P\000\050\000\051}{subsection.3.2.2}% 15
\BOOKMARK [3][-]{subsubsection.3.2.2.2}{\376\377\0003\000.\0002\000.\0002\000.\0002\000\040\000a\000d\000d\000D\000C\000R\000\050\000\051}{subsection.3.2.2}% 16
\BOOKMARK [3][-]{subsubsection.3.2.2.3}{\376\377\0003\000.\0002\000.\0002\000.\0003\000\040\000a\000d\000d\000X\000T\000\050\000\051}{subsection.3.2.2}% 17
\BOOKMARK [3][-]{subsubsection.3.2.2.4}{\376\377\0003\000.\0002\000.\0002\000.\0004\000\040\000H\000i\000t\000C\000e\000l\000l\000s\000\050\000\051}{subsection.3.2.2}% 18
\BOOKMARK [3][-]{subsubsection.3.2.2.5}{\376\377\0003\000.\0002\000.\0002\000.\0005\000\040\000i\000n\000i\000t\000i\000a\000l\000i\000z\000e\000R\000a\000n\000d\000o\000m\000P\000o\000o\000l\000\050\000\051}{subsection.3.2.2}% 19
\BOOKMARK [3][-]{subsubsection.3.2.2.6}{\376\377\0003\000.\0002\000.\0002\000.\0006\000\040\000P\000u\000l\000s\000e\000C\000P\000U\000\050\000\051}{subsection.3.2.2}% 20
\BOOKMARK [3][-]{subsubsection.3.2.2.7}{\376\377\0003\000.\0002\000.\0002\000.\0007\000\040\000s\000i\000g\000n\000a\000l\000A\000n\000a\000l\000y\000s\000i\000s\000\050\000\051}{subsection.3.2.2}% 21
\BOOKMARK [3][-]{subsubsection.3.2.2.8}{\376\377\0003\000.\0002\000.\0002\000.\0008\000\040\000s\000i\000g\000P\000l\000o\000t\000\050\000\051}{subsection.3.2.2}% 22
\BOOKMARK [3][-]{subsubsection.3.2.2.9}{\376\377\0003\000.\0002\000.\0002\000.\0009\000\040\000S\000i\000P\000M\000E\000v\000e\000n\000t\000A\000c\000t\000i\000o\000n\000\050\000\051}{subsection.3.2.2}% 23
\BOOKMARK [3][-]{subsubsection.3.2.2.10}{\376\377\0003\000.\0002\000.\0002\000.\0001\0000\000\040\000S\000i\000P\000M\000S\000i\000g\000n\000a\000l\000A\000c\000t\000i\000o\000n\000\050\000\051}{subsection.3.2.2}% 24
\BOOKMARK [3][-]{subsubsection.3.2.2.11}{\376\377\0003\000.\0002\000.\0002\000.\0001\0001\000\040\000s\000o\000m\000e\000s\000t\000a\000t\000s\000\050\000\051}{subsection.3.2.2}% 25
\BOOKMARK [1][-]{section.3.3}{\376\377\0003\000.\0003\000\040\000l\000i\000b\000C\000P\000U\000\040\000N\000a\000m\000e\000s\000p\000a\000c\000e\000\040\000R\000e\000f\000e\000r\000e\000n\000c\000e}{chapter.3}% 26
\BOOKMARK [2][-]{subsection.3.3.1}{\376\377\0003\000.\0003\000.\0001\000\040\000D\000e\000t\000a\000i\000l\000e\000d\000\040\000D\000e\000s\000c\000r\000i\000p\000t\000i\000o\000n}{section.3.3}% 27
\BOOKMARK [2][-]{subsection.3.3.2}{\376\377\0003\000.\0003\000.\0002\000\040\000F\000u\000n\000c\000t\000i\000o\000n\000\040\000D\000o\000c\000u\000m\000e\000n\000t\000a\000t\000i\000o\000n}{section.3.3}% 28
\BOOKMARK [3][-]{subsubsection.3.3.2.1}{\376\377\0003\000.\0003\000.\0002\000.\0001\000\040\000P\000u\000l\000s\000e\000C\000P\000U\000\050\000\051}{subsection.3.3.2}% 29
\BOOKMARK [1][-]{section.3.4}{\376\377\0003\000.\0004\000\040\000l\000i\000b\000G\000P\000U\000\040\000N\000a\000m\000e\000s\000p\000a\000c\000e\000\040\000R\000e\000f\000e\000r\000e\000n\000c\000e}{chapter.3}% 30
\BOOKMARK [2][-]{subsection.3.4.1}{\376\377\0003\000.\0004\000.\0001\000\040\000D\000e\000t\000a\000i\000l\000e\000d\000\040\000D\000e\000s\000c\000r\000i\000p\000t\000i\000o\000n}{section.3.4}% 31
\BOOKMARK [2][-]{subsection.3.4.2}{\376\377\0003\000.\0004\000.\0002\000\040\000F\000u\000n\000c\000t\000i\000o\000n\000\040\000D\000o\000c\000u\000m\000e\000n\000t\000a\000t\000i\000o\000n}{section.3.4}% 32
\BOOKMARK [3][-]{subsubsection.3.4.2.1}{\376\377\0003\000.\0004\000.\0002\000.\0001\000\040\000P\000u\000l\000s\000e\000G\000P\000U\000\050\000\051}{subsection.3.4.2}% 33
\BOOKMARK [3][-]{subsubsection.3.4.2.2}{\376\377\0003\000.\0004\000.\0002\000.\0002\000\040\000S\000i\000P\000M\000S\000i\000g\000n\000a\000l\000A\000c\000t\000i\000o\000n\000\050\000\051}{subsection.3.4.2}% 34
\BOOKMARK [1][-]{section.3.5}{\376\377\0003\000.\0005\000\040\000m\000a\000i\000n\000\040\000N\000a\000m\000e\000s\000p\000a\000c\000e\000\040\000R\000e\000f\000e\000r\000e\000n\000c\000e}{chapter.3}% 35
\BOOKMARK [2][-]{subsection.3.5.1}{\376\377\0003\000.\0005\000.\0001\000\040\000D\000e\000t\000a\000i\000l\000e\000d\000\040\000D\000e\000s\000c\000r\000i\000p\000t\000i\000o\000n}{section.3.5}% 36
\BOOKMARK [2][-]{subsection.3.5.2}{\376\377\0003\000.\0005\000.\0002\000\040\000F\000u\000n\000c\000t\000i\000o\000n\000\040\000D\000o\000c\000u\000m\000e\000n\000t\000a\000t\000i\000o\000n}{section.3.5}% 37
\BOOKMARK [3][-]{subsubsection.3.5.2.1}{\376\377\0003\000.\0005\000.\0002\000.\0001\000\040\000S\000i\000P\000M\000\050\000\051}{subsection.3.5.2}% 38
\BOOKMARK [1][-]{section.3.6}{\376\377\0003\000.\0006\000\040\000v\000a\000r\000i\000a\000b\000l\000e\000s\000\040\000N\000a\000m\000e\000s\000p\000a\000c\000e\000\040\000R\000e\000f\000e\000r\000e\000n\000c\000e}{chapter.3}% 39
\BOOKMARK [2][-]{subsection.3.6.1}{\376\377\0003\000.\0006\000.\0001\000\040\000D\000e\000t\000a\000i\000l\000e\000d\000\040\000D\000e\000s\000c\000r\000i\000p\000t\000i\000o\000n}{section.3.6}% 40
\BOOKMARK [0][-]{section*.7}{\376\377\000I\000n\000d\000e\000x}{}% 41
